<?xml version="1.0" encoding="UTF-8"?>
<testsuite xmlns:xsi="http://www.w3.org/2001/XMLSchema-instance" xsi:noNamespaceSchemaLocation="https://maven.apache.org/surefire/maven-surefire-plugin/xsd/surefire-test-report.xsd" name="runner.TestRunner" time="1.161" tests="3" errors="0" skipped="3" failures="0">
  <properties>
[...]
</properties>
  <testcase name="Validate JSON response" classname="Testing intigral promotion API" time="0">
    <skipped message="The step &quot;Promotion API endpoint is running&quot; is undefined. You can implement it using tne snippet(s) below:&#10;&#10;@Given(&quot;Promotion API endpoint is running&quot;)&#10;public void promotion_API_endpoint_is_running() {&#10;    // Write code here that turns the phrase above into concrete actions&#10;    throw new io.cucumber.java.PendingException();&#10;}&#10;&#10;Some other steps were also undefined:&#10;&#10;@When(&quot;User makes a request with API key&quot;)&#10;public void user_makes_a_request_with_API_key() {&#10;    // Write code here that turns the phrase above into concrete actions&#10;    throw new io.cucumber.java.PendingException();&#10;}&#10;@Then(&quot;response code is {int}&quot;)&#10;public void response_code_is(Integer int1) {&#10;    // Write code here that turns the phrase above into concrete actions&#10;    throw new io.cucumber.java.PendingException();&#10;}&#10;@Then(&quot;Json properties present in the response for each object&quot;)&#10;public void json_properties_present_in_the_response_for_each_object() {&#10;    // Write code here that turns the phrase above into concrete actions&#10;    throw new io.cucumber.java.PendingException();&#10;}&#10;"/>
    <system-out><![CDATA[
Scenario: Validate JSON response                              &amp#27;[90m# src/test/resource/functionalTest/Testcase.feature:7&amp#27;[0m
  &amp#27;[33mGiven &amp#27;[0m&amp#27;[33mPromotion API endpoint is running&amp#27;[0m                     &amp#27;[90m# null&amp#27;[0m
  &amp#27;[33mWhen &amp#27;[0m&amp#27;[33mUser makes a request with API key&amp#27;[0m                      &amp#27;[90m# null&amp#27;[0m
  &amp#27;[33mThen &amp#27;[0m&amp#27;[33mresponse code is 200&amp#27;[0m                                   &amp#27;[90m# null&amp#27;[0m
  &amp#27;[33mAnd &amp#27;[0m&amp#27;[33mJson properties present in the response for each object&amp#27;[0m &amp#27;[90m# null&amp#27;[0m
]]></system-out>
    <system-err><![CDATA[Jan 31, 2021 11:41:12 AM io.cucumber.junit.Cucumber <init>
WARNING: By default Cucumber is running in --non-strict mode.
This default will change to --strict and --non-strict will be removed.
You can use --strict or @CucumberOptions(strict = true) to suppress this warning
]]></system-err>
  </testcase>
  <testcase name="Validate JSON property values" classname="Testing intigral promotion API" time="0">
    <skipped message="The step &quot;Promotion API endpoint is running&quot; is undefined. You can implement it using tne snippet(s) below:&#10;&#10;@Given(&quot;Promotion API endpoint is running&quot;)&#10;public void promotion_API_endpoint_is_running() {&#10;    // Write code here that turns the phrase above into concrete actions&#10;    throw new io.cucumber.java.PendingException();&#10;}&#10;&#10;Some other steps were also undefined:&#10;&#10;@When(&quot;User makes a request with API key&quot;)&#10;public void user_makes_a_request_with_API_key() {&#10;    // Write code here that turns the phrase above into concrete actions&#10;    throw new io.cucumber.java.PendingException();&#10;}&#10;@Then(&quot;type of {string} is {string}&quot;)&#10;public void type_of_is(String string, String string2) {&#10;    // Write code here that turns the phrase above into concrete actions&#10;    throw new io.cucumber.java.PendingException();&#10;}&#10;@Then(&quot;type of {string} is {string}&quot;)&#10;public void type_of_is(String string, String string2) {&#10;    // Write code here that turns the phrase above into concrete actions&#10;    throw new io.cucumber.java.PendingException();&#10;}&#10;"/>
    <system-out><![CDATA[
Scenario: Validate JSON property values                             &amp#27;[90m# src/test/resource/functionalTest/Testcase.feature:14&amp#27;[0m
  &amp#27;[33mGiven &amp#27;[0m&amp#27;[33mPromotion API endpoint is running&amp#27;[0m                           &amp#27;[90m# null&amp#27;[0m
  &amp#27;[33mWhen &amp#27;[0m&amp#27;[33mUser makes a request with API key&amp#27;[0m                            &amp#27;[90m# null&amp#27;[0m
  &amp#27;[33mThen &amp#27;[0m&amp#27;[33mtype of "promotionid" is "string value"&amp#27;[0m                      &amp#27;[90m# null&amp#27;[0m
  &amp#27;[33mAnd &amp#27;[0m&amp#27;[33mtype of "promoType" is "EPISODE or MOVIE or SERIES or SEASON"&amp#27;[0m &amp#27;[90m# null&amp#27;[0m
]]></system-out>
  </testcase>
  <testcase name="Invalid API Key resonse" classname="Testing intigral promotion API" time="0">
    <skipped message="The step &quot;Promotion API endpoint is running&quot; is undefined. You can implement it using tne snippet(s) below:&#10;&#10;@Given(&quot;Promotion API endpoint is running&quot;)&#10;public void promotion_API_endpoint_is_running() {&#10;    // Write code here that turns the phrase above into concrete actions&#10;    throw new io.cucumber.java.PendingException();&#10;}&#10;&#10;Some other steps were also undefined:&#10;&#10;@When(&quot;User makes a request with invalid API key&quot;)&#10;public void user_makes_a_request_with_invalid_API_key() {&#10;    // Write code here that turns the phrase above into concrete actions&#10;    throw new io.cucumber.java.PendingException();&#10;}&#10;@Then(&quot;response code is {int}&quot;)&#10;public void response_code_is(Integer int1) {&#10;    // Write code here that turns the phrase above into concrete actions&#10;    throw new io.cucumber.java.PendingException();&#10;}&#10;@Then(&quot;request id is not null&quot;)&#10;public void request_id_is_not_null() {&#10;    // Write code here that turns the phrase above into concrete actions&#10;    throw new io.cucumber.java.PendingException();&#10;}&#10;@Then(&quot;code is {int}&quot;)&#10;public void code_is(Integer int1) {&#10;    // Write code here that turns the phrase above into concrete actions&#10;    throw new io.cucumber.java.PendingException();&#10;}&#10;@Then(&quot;message is {string}&quot;)&#10;public void message_is(String string) {&#10;    // Write code here that turns the phrase above into concrete actions&#10;    throw new io.cucumber.java.PendingException();&#10;}&#10;"/>
    <system-out><![CDATA[
Scenario: Invalid API Key resonse                &amp#27;[90m# src/test/resource/functionalTest/Testcase.feature:22&amp#27;[0m
  &amp#27;[33mGiven &amp#27;[0m&amp#27;[33mPromotion API endpoint is running&amp#27;[0m        &amp#27;[90m# null&amp#27;[0m
  &amp#27;[33mWhen &amp#27;[0m&amp#27;[33mUser makes a request with invalid API key&amp#27;[0m &amp#27;[90m# null&amp#27;[0m
  &amp#27;[33mThen &amp#27;[0m&amp#27;[33mresponse code is 403&amp#27;[0m                      &amp#27;[90m# null&amp#27;[0m
  &amp#27;[33mAnd &amp#27;[0m&amp#27;[33mrequest id is not null&amp#27;[0m                     &amp#27;[90m# null&amp#27;[0m
  &amp#27;[33mAnd &amp#27;[0m&amp#27;[33mcode is 8001&amp#27;[0m                               &amp#27;[90m# null&amp#27;[0m
  &amp#27;[33mAnd &amp#27;[0m&amp#27;[33mmessage is "invalid api key"&amp#27;[0m               &amp#27;[90m# null&amp#27;[0m
]]></system-out>
  </testcase>
</testsuite>